Log: Log file open, 06/11/15 17:19:55
Init: WinSock: version 1.1 (2.2), MaxSocks=32767, MaxUdp=65467
DevConfig: GConfig::Find has loaded file:  ..\..\Engine\Config\ConsoleVariables.ini
Init: Version: 12791
Init: Epic Internal: 0
Init: Compiled (32-bit): Jan 29 2015 19:31:11
Init: Changelist: 2424394
Init: Command line: CheckpointGameAssetDatabase -nopauseonsuccess -silent
Init: Base directory: C:\UDK\PropensityTilt\Binaries\Win32\
[0000.27] Init: Computer: WITR9ZWCH8
[0000.27] Init: User: flahertyj6
[0000.27] Init: CPU Page size=4096, Processors=8
[0000.27] Init: High frequency timer resolution =2.630741 MHz
[0000.27] Init: Memory total: Physical=7.6GB (7GB approx) Pagefile=8.7GB Virtual=4.0GB
[0000.27] Log: Steam Client API initialized 0
[0000.27] Log: Steam Game Server API initialized 0
[0000.30] Init: WinSock: I am WITR9ZWCH8 (192.168.211.1:0)
[0000.30] Log: Failed to initialize stat notify provider BinaryFileStatNotifyProvider
[0000.30] Init: Presizing for 0 objects not considered by GC, pre-allocating 0 bytes.
[0000.30] Init: Object subsystem initialized
[0000.33] Log: Found D3D11 adapter 0: Intel(R) HD Graphics 4000
[0000.33] Log: Adapter has 32MB of dedicated video memory, 0MB of dedicated system memory, and 1632MB of shared system memory
[0000.64] Log: Found D3D11 adapter 1: NVIDIA Quadro K1000M 
[0000.64] Log: Adapter has 1994MB of dedicated video memory, 0MB of dedicated system memory, and 2101MB of shared system memory
[0000.65] Log: Found D3D11 adapter 2: Microsoft Basic Render Driver
[0000.65] Log: Adapter has 0MB of dedicated video memory, 0MB of dedicated system memory, and 256MB of shared system memory
[0000.66] Log: Shader platform (RHI): PC-D3D-SM3
[0000.96] Log: PhysX GPU Support: DISABLED
[0000.96] Init: Initializing FaceFX...
[0000.96] Init: FaceFX 1.7.4 initialized.
[0001.01] Init: Version: 12791
[0001.01] Init: Epic Internal: 0
[0001.01] Init: Compiled (32-bit): Jan 29 2015 19:30:09
[0001.01] Init: Command line:  -nopauseonsuccess -silent
[0001.01] Init: Base directory: C:\UDK\PropensityTilt\Binaries\Win32\
[0001.01] Init: Character set: Unicode
[0001.01] Log: Executing Class UnrealEd.CheckpointGameAssetDatabaseCommandlet
[0001.77] Log: Initializing Editor Engine...
[0002.10] Log: Encountered missing default brush - spawning new one
[0002.10] Init: UEngine initialized
[0002.10] Log: Initializing Editor Engine Completed
[0002.71] Log: *** Forcing Minimal Shader Compiling
[0002.71] Log: Checkpointing game asset database...
[0002.71] Cmd: UNSUPPRESS DevAssetDataBase
[0002.71] Log: Unsuppressed event DevAssetDataBase
[0002.72] SourceControl: Source Control disabled in UDKEditorUserSettings.ini.  [SourceControl] has Disabled=True
[0002.92] DevAssetDataBase: Checkpoint file name: ..\..\UDKGame\Content\GameAssetDatabase.checkpoint
[0002.92] DevAssetDataBase: Warning: Checkpoint file [..\..\UDKGame\Content\GameAssetDatabase.checkpoint] was not found.
[0002.93] DevAssetDataBase: Existing checkpoint file contains timestamp: 1/1/0001 12:00:00 AM.
[0002.93] DevAssetDataBase: Loaded 0 assets, 0 tags/collections (0 in use) from the checkpoint file.
[0002.94] DevAssetDataBase: Updating database from content packages...
[0002.95] DevAssetDataBase:     68 object class types will be processed.
[0002.95] DevAssetDataBase:     Found 60 packages.
[0003.76] Warning: Warning, Failed to load 'Class UTGame.UTAnimBlendByIdle': Failed to find object 'Class UTGame.UTAnimBlendByIdle'
[0003.76] Warning: Warning, Failed to load 'Class UTGame.UTAnimBlendBySlotActive': Failed to find object 'Class UTGame.UTAnimBlendBySlotActive'
[0003.76] Warning: Warning, Failed to load 'Class UTGame.UTAnimBlendByTurnInPlace': Failed to find object 'Class UTGame.UTAnimBlendByTurnInPlace'
[0003.76] Warning: Warning, Failed to load 'Class UTGame.UTAnimBlendByWeapType': Failed to find object 'Class UTGame.UTAnimBlendByWeapType'
[0003.76] Warning: Warning, Failed to load 'Class UTGame.UTAnimBlendByWeapType': Failed to find object 'Class UTGame.UTAnimBlendByWeapType'
[0003.76] Warning: Warning, Failed to load 'Class UTGame.UTAnimNodeCopyBoneTranslation': Failed to find object 'Class UTGame.UTAnimNodeCopyBoneTranslation'
[0003.76] Warning: Warning, Failed to load 'Class UTGame.UTAnimNodeSequence': Failed to find object 'Class UTGame.UTAnimNodeSequence'
[0003.76] Warning: Warning, Failed to load 'Class UTGame.UTAnimNodeSequence': Failed to find object 'Class UTGame.UTAnimNodeSequence'
[0003.76] Warning: Warning, Failed to load 'Class UTGame.UTAnimNodeSequence': Failed to find object 'Class UTGame.UTAnimNodeSequence'
[0003.76] Warning: Warning, Failed to load 'Class UTGame.UTAnimNodeSequence': Failed to find object 'Class UTGame.UTAnimNodeSequence'
[0003.76] Warning: Warning, Failed to load 'Class UTGame.UTAnimNodeSeqWeap': Failed to find object 'Class UTGame.UTAnimNodeSeqWeap'
[0003.76] Warning: Warning, Failed to load 'Class UTGame.UTAnimNodeSeqWeap': Failed to find object 'Class UTGame.UTAnimNodeSeqWeap'
[0003.76] Warning: Warning, Failed to load 'Class utgamecontent.UTGameCrowdAgent': Failed to find object 'Class utgamecontent.UTGameCrowdAgent'
[0003.95] DevAssetDataBase:     Found a total of 829 assets in 35 packages.
[0003.95] DevAssetDataBase: Loading journal entries from the journal file.
[0003.95] DevAssetDataBase: Loaded 0 journal entries from the journal file.
[0003.95] DevAssetDataBase: Merged 0 journal entries (including server entries newer than 1/1/0001 12:00:00 AM.)
[0003.95] DevAssetDataBase: Game asset database loaded a total of 829 assets, 60 tags and 60 persistent tags.
[0003.96] DevAssetDataBase: Checking for assets in the database that don't actually exist on disk...
[0003.96] DevAssetDataBase: All 829 assets were found on disk.
[0003.96] DevAssetDataBase: Checking integrity of game asset database...
[0003.96] DevAssetDataBase: Integrity check completed with no warnings.
[0003.96] DevAssetDataBase: Saving checkpoint file with 829 assets, 60 tags and 60 persistent tags.
[0003.96] DevAssetDataBase: Purging local journal file (all entries were merged into checkpoint file.)
[0003.96] DevAssetDataBase: Journal file was deleted successfully
[0003.96] Log: Game asset database maintenance completed successfully.
[0003.97] Log: 
[0003.97] Log: Warning/Error Summary
[0003.97] Log: ---------------------
[0003.97] Log: Warning, Failed to load 'Class UTGame.UTAnimBlendByIdle': Failed to find object 'Class UTGame.UTAnimBlendByIdle'
[0003.97] Log: Warning, Failed to load 'Class UTGame.UTAnimBlendBySlotActive': Failed to find object 'Class UTGame.UTAnimBlendBySlotActive'
[0003.97] Log: Warning, Failed to load 'Class UTGame.UTAnimBlendByTurnInPlace': Failed to find object 'Class UTGame.UTAnimBlendByTurnInPlace'
[0003.97] Log: Warning, Failed to load 'Class UTGame.UTAnimBlendByWeapType': Failed to find object 'Class UTGame.UTAnimBlendByWeapType'
[0003.97] Log: Warning, Failed to load 'Class UTGame.UTAnimNodeCopyBoneTranslation': Failed to find object 'Class UTGame.UTAnimNodeCopyBoneTranslation'
[0003.97] Log: Warning, Failed to load 'Class UTGame.UTAnimNodeSequence': Failed to find object 'Class UTGame.UTAnimNodeSequence'
[0003.97] Log: Warning, Failed to load 'Class UTGame.UTAnimNodeSeqWeap': Failed to find object 'Class UTGame.UTAnimNodeSeqWeap'
[0003.97] Log: Warning, Failed to load 'Class utgamecontent.UTGameCrowdAgent': Failed to find object 'Class utgamecontent.UTGameCrowdAgent'
[0003.97] Log: 
[0003.97] Log: Success - 0 error(s), 8 warning(s)
[0003.97] Log: 
Execution of commandlet took:  1.25 seconds
[0004.00] Exit: Preparing to exit.
[0004.06] Exit: Editor shut down
[0004.09] Exit: Object subsystem successfully closed.
[0004.09] Log: Shutting down FaceFX...
[0004.09] Log: FaceFX shutdown.
[0004.09] Exit: Exiting.
[0004.09] Log: Log file closed, 06/11/15 17:19:59
